# Logfile created on Sat Sep 11 10:51:59 +0545 2010  [4;36;1mSQL (0.1ms)[0m   [0;1mSET NAMES 'utf8'[0m
  [4;35;1mSQL (0.1ms)[0m   [0mSET SQL_AUTO_IS_NULL=0[0m
  [4;36;1mSQL (0.0ms)[0m   [0;1mBEGIN[0m
  [4;35;1mSQL (0.1ms)[0m   [0mROLLBACK[0m
  [4;36;1mSQL (0.1ms)[0m   [0;1mSET NAMES 'utf8'[0m
  [4;35;1mSQL (0.1ms)[0m   [0mSET SQL_AUTO_IS_NULL=0[0m
  [4;36;1mSQL (0.0ms)[0m   [0;1mBEGIN[0m
  [4;35;1mDoctor Columns (0.7ms)[0m   [0mSHOW FIELDS FROM `doctors`[0m
  [4;36;1mSQL (0.1ms)[0m   [0;1mROLLBACK[0m
  [4;36;1mSQL (0.1ms)[0m   [0;1mSET NAMES 'utf8'[0m
  [4;35;1mSQL (0.1ms)[0m   [0mSET SQL_AUTO_IS_NULL=0[0m
  [4;36;1mSQL (0.0ms)[0m   [0;1mBEGIN[0m
  [4;35;1mDoctor Columns (0.7ms)[0m   [0mSHOW FIELDS FROM `doctors`[0m
  [4;36;1mSQL (0.1ms)[0m   [0;1mROLLBACK[0m
  [4;36;1mSQL (0.1ms)[0m   [0;1mSET NAMES 'utf8'[0m
  [4;35;1mSQL (0.1ms)[0m   [0mSET SQL_AUTO_IS_NULL=0[0m
  [4;36;1mSQL (0.0ms)[0m   [0;1mBEGIN[0m
  [4;35;1mDoctor Columns (0.7ms)[0m   [0mSHOW FIELDS FROM `doctors`[0m
  [4;36;1mSQL (0.1ms)[0m   [0;1mROLLBACK[0m
  [4;36;1mSQL (0.1ms)[0m   [0;1mSET NAMES 'utf8'[0m
  [4;35;1mSQL (0.1ms)[0m   [0mSET SQL_AUTO_IS_NULL=0[0m
  [4;36;1mSQL (0.0ms)[0m   [0;1mBEGIN[0m
  [4;35;1mDoctor Columns (0.7ms)[0m   [0mSHOW FIELDS FROM `doctors`[0m
  [4;36;1mSQL (0.1ms)[0m   [0;1mROLLBACK[0m
  [4;36;1mSQL (0.1ms)[0m   [0;1mSET NAMES 'utf8'[0m
  [4;35;1mSQL (0.1ms)[0m   [0mSET SQL_AUTO_IS_NULL=0[0m
  [4;36;1mSQL (0.0ms)[0m   [0;1mBEGIN[0m
  [4;35;1mDoctor Columns (0.7ms)[0m   [0mSHOW FIELDS FROM `doctors`[0m
  [4;36;1mSQL (0.1ms)[0m   [0;1mROLLBACK[0m
  [4;36;1mSQL (0.1ms)[0m   [0;1mSET NAMES 'utf8'[0m
  [4;35;1mSQL (0.1ms)[0m   [0mSET SQL_AUTO_IS_NULL=0[0m
  [4;36;1mSQL (0.0ms)[0m   [0;1mBEGIN[0m
  [4;35;1mDoctor Columns (0.7ms)[0m   [0mSHOW FIELDS FROM `doctors`[0m
  [4;36;1mSQL (0.1ms)[0m   [0;1mROLLBACK[0m
  [4;36;1mSQL (0.1ms)[0m   [0;1mSET NAMES 'utf8'[0m
  [4;35;1mSQL (0.1ms)[0m   [0mSET SQL_AUTO_IS_NULL=0[0m
  [4;36;1mSQL (0.0ms)[0m   [0;1mBEGIN[0m
  [4;35;1mDoctor Columns (0.7ms)[0m   [0mSHOW FIELDS FROM `doctors`[0m
  [4;36;1mSQL (0.1ms)[0m   [0;1mROLLBACK[0m
  [4;36;1mSQL (0.1ms)[0m   [0;1mSET NAMES 'utf8'[0m
  [4;35;1mSQL (0.1ms)[0m   [0mSET SQL_AUTO_IS_NULL=0[0m
  [4;36;1mSQL (0.0ms)[0m   [0;1mBEGIN[0m
  [4;35;1mDoctor Columns (0.7ms)[0m   [0mSHOW FIELDS FROM `doctors`[0m
  [4;36;1mSQL (0.1ms)[0m   [0;1mROLLBACK[0m
  [4;36;1mSQL (0.1ms)[0m   [0;1mSET NAMES 'utf8'[0m
  [4;35;1mSQL (0.1ms)[0m   [0mSET SQL_AUTO_IS_NULL=0[0m
  [4;36;1mSQL (0.0ms)[0m   [0;1mBEGIN[0m
  [4;35;1mDoctor Columns (0.7ms)[0m   [0mSHOW FIELDS FROM `doctors`[0m
  [4;36;1mSQL (0.1ms)[0m   [0;1mROLLBACK[0m
  [4;36;1mSQL (0.1ms)[0m   [0;1mSET NAMES 'utf8'[0m
  [4;35;1mSQL (0.1ms)[0m   [0mSET SQL_AUTO_IS_NULL=0[0m
  [4;36;1mSQL (0.1ms)[0m   [0;1mBEGIN[0m
  [4;35;1mDoctor Columns (0.6ms)[0m   [0mSHOW FIELDS FROM `doctors`[0m
  [4;36;1mSQL (0.1ms)[0m   [0;1mROLLBACK[0m
  [4;36;1mSQL (0.1ms)[0m   [0;1mSET NAMES 'utf8'[0m
  [4;35;1mSQL (0.2ms)[0m   [0mSET SQL_AUTO_IS_NULL=0[0m
  [4;36;1mSQL (0.1ms)[0m   [0;1mBEGIN[0m
  [4;35;1mDoctor Columns (1.2ms)[0m   [0mSHOW FIELDS FROM `doctors`[0m
  [4;36;1mSQL (0.1ms)[0m   [0;1mROLLBACK[0m
  [4;36;1mSQL (0.1ms)[0m   [0;1mSET NAMES 'utf8'[0m
  [4;35;1mSQL (0.1ms)[0m   [0mSET SQL_AUTO_IS_NULL=0[0m
  [4;36;1mSQL (0.0ms)[0m   [0;1mBEGIN[0m
  [4;35;1mDoctor Columns (0.7ms)[0m   [0mSHOW FIELDS FROM `doctors`[0m
  [4;36;1mSQL (0.1ms)[0m   [0;1mROLLBACK[0m
  [4;36;1mSQL (0.1ms)[0m   [0;1mSET NAMES 'utf8'[0m
  [4;35;1mSQL (0.1ms)[0m   [0mSET SQL_AUTO_IS_NULL=0[0m
  [4;36;1mSQL (0.1ms)[0m   [0;1mBEGIN[0m
  [4;35;1mDoctor Columns (0.7ms)[0m   [0mSHOW FIELDS FROM `doctors`[0m
  [4;36;1mSQL (0.3ms)[0m   [0;1mROLLBACK[0m
  [4;36;1mSQL (0.1ms)[0m   [0;1mSET NAMES 'utf8'[0m
  [4;35;1mSQL (0.1ms)[0m   [0mSET SQL_AUTO_IS_NULL=0[0m
  [4;36;1mSQL (0.0ms)[0m   [0;1mBEGIN[0m
  [4;35;1mDoctor Columns (0.7ms)[0m   [0mSHOW FIELDS FROM `doctors`[0m
  [4;36;1mSQL (0.1ms)[0m   [0;1mROLLBACK[0m
  [4;36;1mSQL (0.1ms)[0m   [0;1mSET NAMES 'utf8'[0m
  [4;35;1mSQL (0.1ms)[0m   [0mSET SQL_AUTO_IS_NULL=0[0m
  [4;36;1mSQL (0.0ms)[0m   [0;1mBEGIN[0m
  [4;35;1mDoctor Columns (0.7ms)[0m   [0mSHOW FIELDS FROM `doctors`[0m
  [4;36;1mSQL (0.2ms)[0m   [0;1mROLLBACK[0m
  [4;36;1mSQL (0.1ms)[0m   [0;1mSET NAMES 'utf8'[0m
  [4;35;1mSQL (0.1ms)[0m   [0mSET SQL_AUTO_IS_NULL=0[0m
  [4;36;1mSQL (0.0ms)[0m   [0;1mBEGIN[0m
  [4;35;1mDoctor Columns (0.7ms)[0m   [0mSHOW FIELDS FROM `doctors`[0m
  [4;36;1mSQL (0.1ms)[0m   [0;1mROLLBACK[0m
  [4;36;1mSQL (0.1ms)[0m   [0;1mSET NAMES 'utf8'[0m
  [4;35;1mSQL (0.1ms)[0m   [0mSET SQL_AUTO_IS_NULL=0[0m
  [4;36;1mSQL (0.0ms)[0m   [0;1mBEGIN[0m
  [4;35;1mDoctor Columns (0.7ms)[0m   [0mSHOW FIELDS FROM `doctors`[0m
  [4;36;1mSQL (0.1ms)[0m   [0;1mROLLBACK[0m
  [4;36;1mSQL (0.1ms)[0m   [0;1mSET NAMES 'utf8'[0m
  [4;35;1mSQL (0.1ms)[0m   [0mSET SQL_AUTO_IS_NULL=0[0m
  [4;36;1mSQL (0.0ms)[0m   [0;1mBEGIN[0m
  [4;35;1mDoctor Columns (0.8ms)[0m   [0mSHOW FIELDS FROM `doctors`[0m
  [4;36;1mSQL (0.1ms)[0m   [0;1mROLLBACK[0m
  [4;36;1mSQL (0.1ms)[0m   [0;1mSET NAMES 'utf8'[0m
  [4;35;1mSQL (0.1ms)[0m   [0mSET SQL_AUTO_IS_NULL=0[0m
  [4;36;1mSQL (0.1ms)[0m   [0;1mBEGIN[0m
  [4;35;1mDoctor Columns (0.7ms)[0m   [0mSHOW FIELDS FROM `doctors`[0m
  [4;36;1mSQL (0.1ms)[0m   [0;1mROLLBACK[0m
  [4;36;1mSQL (0.1ms)[0m   [0;1mSET NAMES 'utf8'[0m
  [4;35;1mSQL (0.1ms)[0m   [0mSET SQL_AUTO_IS_NULL=0[0m
  [4;36;1mSQL (0.0ms)[0m   [0;1mBEGIN[0m
  [4;35;1mDoctor Columns (0.7ms)[0m   [0mSHOW FIELDS FROM `doctors`[0m
  [4;36;1mSQL (0.1ms)[0m   [0;1mSAVEPOINT active_record_1[0m
  [4;35;1mDoctor Create (0.3ms)[0m   [0mINSERT INTO `doctors` (`address`, `created_at`, `updated_at`, `optional_info`, `full_name`, `phone`, `email`) VALUES(NULL, '2010-09-11 12:52:18', '2010-09-11 12:52:18', NULL, 'Ram', NULL, NULL)[0m
  [4;36;1mSQL (0.1ms)[0m   [0;1mRELEASE SAVEPOINT active_record_1[0m
  [4;35;1mSQL (0.1ms)[0m   [0mSAVEPOINT active_record_1[0m
  [4;36;1mDoctor Create (0.2ms)[0m   [0;1mINSERT INTO `doctors` (`address`, `created_at`, `updated_at`, `optional_info`, `full_name`, `phone`, `email`) VALUES(NULL, '2010-09-11 12:52:18', '2010-09-11 12:52:18', NULL, 'Shyam', NULL, NULL)[0m
  [4;35;1mSQL (0.1ms)[0m   [0mRELEASE SAVEPOINT active_record_1[0m
  [4;36;1mSQL (50.8ms)[0m   [0;1mROLLBACK[0m
  [4;36;1mSQL (0.1ms)[0m   [0;1mSET NAMES 'utf8'[0m
  [4;35;1mSQL (0.1ms)[0m   [0mSET SQL_AUTO_IS_NULL=0[0m
  [4;36;1mSQL (0.1ms)[0m   [0;1mBEGIN[0m
  [4;35;1mDoctor Columns (0.7ms)[0m   [0mSHOW FIELDS FROM `doctors`[0m
  [4;36;1mSQL (0.1ms)[0m   [0;1mSAVEPOINT active_record_1[0m
  [4;35;1mDoctor Create (0.2ms)[0m   [0mINSERT INTO `doctors` (`address`, `created_at`, `updated_at`, `optional_info`, `full_name`, `phone`, `email`) VALUES(NULL, '2010-09-11 12:53:00', '2010-09-11 12:53:00', NULL, 'Ram', NULL, NULL)[0m
  [4;36;1mSQL (0.1ms)[0m   [0;1mRELEASE SAVEPOINT active_record_1[0m
  [4;35;1mSQL (0.0ms)[0m   [0mSAVEPOINT active_record_1[0m
  [4;36;1mDoctor Create (0.1ms)[0m   [0;1mINSERT INTO `doctors` (`address`, `created_at`, `updated_at`, `optional_info`, `full_name`, `phone`, `email`) VALUES(NULL, '2010-09-11 12:53:00', '2010-09-11 12:53:00', NULL, 'Shyam', NULL, NULL)[0m
  [4;35;1mSQL (0.1ms)[0m   [0mRELEASE SAVEPOINT active_record_1[0m
  [4;36;1mSQL (59.8ms)[0m   [0;1mROLLBACK[0m
  [4;36;1mSQL (0.1ms)[0m   [0;1mSET NAMES 'utf8'[0m
  [4;35;1mSQL (0.1ms)[0m   [0mSET SQL_AUTO_IS_NULL=0[0m
  [4;36;1mSQL (0.0ms)[0m   [0;1mBEGIN[0m
  [4;35;1mDoctor Columns (0.7ms)[0m   [0mSHOW FIELDS FROM `doctors`[0m
  [4;36;1mSQL (0.1ms)[0m   [0;1mSAVEPOINT active_record_1[0m
  [4;35;1mDoctor Create (0.3ms)[0m   [0mINSERT INTO `doctors` (`address`, `created_at`, `updated_at`, `optional_info`, `full_name`, `phone`, `email`) VALUES(NULL, '2010-09-11 12:53:54', '2010-09-11 12:53:54', NULL, 'Ram', NULL, NULL)[0m
  [4;36;1mSQL (0.1ms)[0m   [0;1mRELEASE SAVEPOINT active_record_1[0m
  [4;35;1mSQL (0.1ms)[0m   [0mSAVEPOINT active_record_1[0m
  [4;36;1mDoctor Create (0.1ms)[0m   [0;1mINSERT INTO `doctors` (`address`, `created_at`, `updated_at`, `optional_info`, `full_name`, `phone`, `email`) VALUES(NULL, '2010-09-11 12:53:54', '2010-09-11 12:53:54', NULL, 'Shyam', NULL, NULL)[0m
  [4;35;1mSQL (0.1ms)[0m   [0mRELEASE SAVEPOINT active_record_1[0m
  [4;36;1mSQL (68.7ms)[0m   [0;1mROLLBACK[0m
  [4;36;1mSQL (0.1ms)[0m   [0;1mSET NAMES 'utf8'[0m
  [4;35;1mSQL (0.1ms)[0m   [0mSET SQL_AUTO_IS_NULL=0[0m
  [4;36;1mSQL (0.0ms)[0m   [0;1mBEGIN[0m
  [4;35;1mDoctor Columns (0.7ms)[0m   [0mSHOW FIELDS FROM `doctors`[0m
  [4;36;1mSQL (0.1ms)[0m   [0;1mSAVEPOINT active_record_1[0m
  [4;35;1mDoctor Create (0.2ms)[0m   [0mINSERT INTO `doctors` (`address`, `created_at`, `updated_at`, `optional_info`, `full_name`, `phone`, `email`) VALUES(NULL, '2010-09-11 12:55:21', '2010-09-11 12:55:21', NULL, 'Ram', NULL, NULL)[0m
  [4;36;1mSQL (0.1ms)[0m   [0;1mRELEASE SAVEPOINT active_record_1[0m
  [4;35;1mSQL (0.1ms)[0m   [0mSAVEPOINT active_record_1[0m
  [4;36;1mDoctor Create (0.1ms)[0m   [0;1mINSERT INTO `doctors` (`address`, `created_at`, `updated_at`, `optional_info`, `full_name`, `phone`, `email`) VALUES(NULL, '2010-09-11 12:55:21', '2010-09-11 12:55:21', NULL, 'Shyam', NULL, NULL)[0m
  [4;35;1mSQL (0.0ms)[0m   [0mRELEASE SAVEPOINT active_record_1[0m
REQUESTING PAGE: GET /doctors with {} and HTTP headers {}


Processing DoctorsController#index (for 127.0.0.1 at 2010-09-11 18:40:21) [GET]
Rendering doctors/index
Completed in 10ms (View: 8, DB: 1) | 200 OK [http://www.example.com/doctors]
  [4;36;1mSQL (60.5ms)[0m   [0;1mROLLBACK[0m
  [4;36;1mSQL (0.1ms)[0m   [0;1mSET NAMES 'utf8'[0m
  [4;35;1mSQL (0.1ms)[0m   [0mSET SQL_AUTO_IS_NULL=0[0m
  [4;36;1mSQL (0.0ms)[0m   [0;1mBEGIN[0m
  [4;35;1mDoctor Columns (0.8ms)[0m   [0mSHOW FIELDS FROM `doctors`[0m
  [4;36;1mSQL (0.1ms)[0m   [0;1mSAVEPOINT active_record_1[0m
  [4;35;1mDoctor Create (0.2ms)[0m   [0mINSERT INTO `doctors` (`address`, `created_at`, `updated_at`, `optional_info`, `full_name`, `phone`, `email`) VALUES(NULL, '2010-09-11 12:58:49', '2010-09-11 12:58:49', NULL, 'Ram', NULL, NULL)[0m
  [4;36;1mSQL (0.1ms)[0m   [0;1mRELEASE SAVEPOINT active_record_1[0m
  [4;35;1mSQL (0.1ms)[0m   [0mSAVEPOINT active_record_1[0m
  [4;36;1mDoctor Create (0.2ms)[0m   [0;1mINSERT INTO `doctors` (`address`, `created_at`, `updated_at`, `optional_info`, `full_name`, `phone`, `email`) VALUES(NULL, '2010-09-11 12:58:49', '2010-09-11 12:58:49', NULL, 'Shyam', NULL, NULL)[0m
  [4;35;1mSQL (0.1ms)[0m   [0mRELEASE SAVEPOINT active_record_1[0m
REQUESTING PAGE: GET /doctors with {} and HTTP headers {}


Processing DoctorsController#index (for 127.0.0.1 at 2010-09-11 18:43:49) [GET]
Rendering template within layouts/application
Rendering doctors/index
Rendered layouts/_header (0.8ms)
Rendered layouts/_footer (0.9ms)
Completed in 28ms (View: 26, DB: 2) | 200 OK [http://www.example.com/doctors]
  [4;36;1mSQL (52.9ms)[0m   [0;1mROLLBACK[0m
  [4;36;1mSQL (0.1ms)[0m   [0;1mSET NAMES 'utf8'[0m
  [4;35;1mSQL (0.1ms)[0m   [0mSET SQL_AUTO_IS_NULL=0[0m
  [4;36;1mSQL (0.0ms)[0m   [0;1mBEGIN[0m
  [4;35;1mDoctor Columns (0.7ms)[0m   [0mSHOW FIELDS FROM `doctors`[0m
  [4;36;1mSQL (0.1ms)[0m   [0;1mSAVEPOINT active_record_1[0m
  [4;35;1mDoctor Create (0.2ms)[0m   [0mINSERT INTO `doctors` (`address`, `created_at`, `updated_at`, `optional_info`, `full_name`, `phone`, `email`) VALUES(NULL, '2010-09-11 12:59:54', '2010-09-11 12:59:54', NULL, 'Ram', NULL, NULL)[0m
  [4;36;1mSQL (0.1ms)[0m   [0;1mRELEASE SAVEPOINT active_record_1[0m
  [4;35;1mSQL (0.0ms)[0m   [0mSAVEPOINT active_record_1[0m
  [4;36;1mDoctor Create (0.1ms)[0m   [0;1mINSERT INTO `doctors` (`address`, `created_at`, `updated_at`, `optional_info`, `full_name`, `phone`, `email`) VALUES(NULL, '2010-09-11 12:59:54', '2010-09-11 12:59:54', NULL, 'Shyam', NULL, NULL)[0m
  [4;35;1mSQL (0.1ms)[0m   [0mRELEASE SAVEPOINT active_record_1[0m
REQUESTING PAGE: GET /doctors with {} and HTTP headers {}


Processing DoctorsController#index (for 127.0.0.1 at 2010-09-11 18:44:54) [GET]
Rendering doctors/index
Completed in 6ms (View: 4, DB: 2) | 200 OK [http://www.example.com/doctors]
  [4;36;1mSQL (51.2ms)[0m   [0;1mROLLBACK[0m
  [4;36;1mSQL (0.1ms)[0m   [0;1mSET NAMES 'utf8'[0m
  [4;35;1mSQL (0.1ms)[0m   [0mSET SQL_AUTO_IS_NULL=0[0m
  [4;36;1mSQL (0.0ms)[0m   [0;1mBEGIN[0m
  [4;35;1mDoctor Columns (0.7ms)[0m   [0mSHOW FIELDS FROM `doctors`[0m
  [4;36;1mSQL (0.1ms)[0m   [0;1mSAVEPOINT active_record_1[0m
  [4;35;1mDoctor Exists (30.1ms)[0m   [0mSELECT `doctors`.id FROM `doctors` WHERE (`doctors`.`full_name` = BINARY 'Ram') LIMIT 1[0m
  [4;36;1mDoctor Create (0.3ms)[0m   [0;1mINSERT INTO `doctors` (`address`, `created_at`, `updated_at`, `optional_info`, `full_name`, `phone`, `email`) VALUES(NULL, '2010-09-11 13:16:19', '2010-09-11 13:16:19', NULL, 'Ram', NULL, NULL)[0m
  [4;35;1mSQL (0.1ms)[0m   [0mRELEASE SAVEPOINT active_record_1[0m
  [4;36;1mSQL (0.0ms)[0m   [0;1mSAVEPOINT active_record_1[0m
  [4;35;1mDoctor Exists (0.2ms)[0m   [0mSELECT `doctors`.id FROM `doctors` WHERE (`doctors`.`full_name` = BINARY 'Shyam') LIMIT 1[0m
  [4;36;1mDoctor Create (0.1ms)[0m   [0;1mINSERT INTO `doctors` (`address`, `created_at`, `updated_at`, `optional_info`, `full_name`, `phone`, `email`) VALUES(NULL, '2010-09-11 13:16:19', '2010-09-11 13:16:19', NULL, 'Shyam', NULL, NULL)[0m
  [4;35;1mSQL (0.1ms)[0m   [0mRELEASE SAVEPOINT active_record_1[0m
REQUESTING PAGE: GET /doctors with {} and HTTP headers {}


Processing DoctorsController#index (for 127.0.0.1 at 2010-09-11 19:01:19) [GET]
Rendering doctors/index
Completed in 6ms (View: 4, DB: 32) | 200 OK [http://www.example.com/doctors]
  [4;36;1mSQL (40.0ms)[0m   [0;1mROLLBACK[0m
  [4;36;1mSQL (0.1ms)[0m   [0;1mSET NAMES 'utf8'[0m
  [4;35;1mSQL (0.1ms)[0m   [0mSET SQL_AUTO_IS_NULL=0[0m
  [4;36;1mSQL (0.0ms)[0m   [0;1mBEGIN[0m
  [4;35;1mDoctor Columns (0.7ms)[0m   [0mSHOW FIELDS FROM `doctors`[0m
  [4;36;1mSQL (0.1ms)[0m   [0;1mSAVEPOINT active_record_1[0m
  [4;35;1mDoctor Exists (0.2ms)[0m   [0mSELECT `doctors`.id FROM `doctors` WHERE (`doctors`.`full_name` = BINARY 'Ram') LIMIT 1[0m
  [4;36;1mDoctor Create (0.2ms)[0m   [0;1mINSERT INTO `doctors` (`address`, `created_at`, `updated_at`, `optional_info`, `full_name`, `phone`, `email`) VALUES(NULL, '2010-09-11 13:19:48', '2010-09-11 13:19:48', NULL, 'Ram', NULL, NULL)[0m
  [4;35;1mSQL (0.1ms)[0m   [0mRELEASE SAVEPOINT active_record_1[0m
  [4;36;1mSQL (0.1ms)[0m   [0;1mSAVEPOINT active_record_1[0m
  [4;35;1mDoctor Exists (0.2ms)[0m   [0mSELECT `doctors`.id FROM `doctors` WHERE (`doctors`.`full_name` = BINARY 'Shyam') LIMIT 1[0m
  [4;36;1mDoctor Create (0.1ms)[0m   [0;1mINSERT INTO `doctors` (`address`, `created_at`, `updated_at`, `optional_info`, `full_name`, `phone`, `email`) VALUES(NULL, '2010-09-11 13:19:48', '2010-09-11 13:19:48', NULL, 'Shyam', NULL, NULL)[0m
  [4;35;1mSQL (0.1ms)[0m   [0mRELEASE SAVEPOINT active_record_1[0m
REQUESTING PAGE: GET /doctors with {} and HTTP headers {}


Processing DoctorsController#index (for 127.0.0.1 at 2010-09-11 19:04:48) [GET]
Rendering doctors/index
Completed in 6ms (View: 4, DB: 2) | 200 OK [http://www.example.com/doctors]
  [4;36;1mSQL (64.7ms)[0m   [0;1mROLLBACK[0m
  [4;36;1mSQL (0.1ms)[0m   [0;1mSET NAMES 'utf8'[0m
  [4;35;1mSQL (0.1ms)[0m   [0mSET SQL_AUTO_IS_NULL=0[0m
  [4;36;1mSQL (0.1ms)[0m   [0;1mBEGIN[0m
  [4;35;1mDoctor Columns (0.7ms)[0m   [0mSHOW FIELDS FROM `doctors`[0m
  [4;36;1mSQL (0.1ms)[0m   [0;1mSAVEPOINT active_record_1[0m
  [4;35;1mDoctor Exists (0.2ms)[0m   [0mSELECT `doctors`.id FROM `doctors` WHERE (`doctors`.`full_name` = BINARY 'Ram') LIMIT 1[0m
  [4;36;1mDoctor Create (0.3ms)[0m   [0;1mINSERT INTO `doctors` (`address`, `created_at`, `updated_at`, `optional_info`, `full_name`, `phone`, `email`) VALUES(NULL, '2010-09-11 13:27:01', '2010-09-11 13:27:01', NULL, 'Ram', NULL, NULL)[0m
  [4;35;1mSQL (0.1ms)[0m   [0mRELEASE SAVEPOINT active_record_1[0m
  [4;36;1mSQL (0.1ms)[0m   [0;1mSAVEPOINT active_record_1[0m
  [4;35;1mDoctor Exists (0.3ms)[0m   [0mSELECT `doctors`.id FROM `doctors` WHERE (`doctors`.`full_name` = BINARY 'Shyam') LIMIT 1[0m
  [4;36;1mDoctor Create (0.2ms)[0m   [0;1mINSERT INTO `doctors` (`address`, `created_at`, `updated_at`, `optional_info`, `full_name`, `phone`, `email`) VALUES(NULL, '2010-09-11 13:27:01', '2010-09-11 13:27:01', NULL, 'Shyam', NULL, NULL)[0m
  [4;35;1mSQL (0.1ms)[0m   [0mRELEASE SAVEPOINT active_record_1[0m
REQUESTING PAGE: GET /doctors with {} and HTTP headers {}


Processing DoctorsController#index (for 127.0.0.1 at 2010-09-11 19:12:01) [GET]
Rendering doctors/index
Completed in 8ms (View: 6, DB: 2) | 200 OK [http://www.example.com/doctors]
  [4;36;1mSQL (44.1ms)[0m   [0;1mROLLBACK[0m
  [4;36;1mSQL (0.1ms)[0m   [0;1mSET NAMES 'utf8'[0m
  [4;35;1mSQL (0.1ms)[0m   [0mSET SQL_AUTO_IS_NULL=0[0m
  [4;36;1mSQL (0.0ms)[0m   [0;1mBEGIN[0m
  [4;35;1mDoctor Columns (0.7ms)[0m   [0mSHOW FIELDS FROM `doctors`[0m
  [4;36;1mSQL (0.1ms)[0m   [0;1mSAVEPOINT active_record_1[0m
  [4;35;1mDoctor Exists (0.2ms)[0m   [0mSELECT `doctors`.id FROM `doctors` WHERE (`doctors`.`full_name` = BINARY 'Ram') LIMIT 1[0m
  [4;36;1mDoctor Create (0.2ms)[0m   [0;1mINSERT INTO `doctors` (`address`, `created_at`, `updated_at`, `optional_info`, `full_name`, `phone`, `email`) VALUES(NULL, '2010-09-11 13:34:05', '2010-09-11 13:34:05', NULL, 'Ram', NULL, NULL)[0m
  [4;35;1mSQL (0.0ms)[0m   [0mRELEASE SAVEPOINT active_record_1[0m
  [4;36;1mSQL (0.1ms)[0m   [0;1mSAVEPOINT active_record_1[0m
  [4;35;1mDoctor Exists (0.2ms)[0m   [0mSELECT `doctors`.id FROM `doctors` WHERE (`doctors`.`full_name` = BINARY 'Shyam') LIMIT 1[0m
  [4;36;1mDoctor Create (0.1ms)[0m   [0;1mINSERT INTO `doctors` (`address`, `created_at`, `updated_at`, `optional_info`, `full_name`, `phone`, `email`) VALUES(NULL, '2010-09-11 13:34:05', '2010-09-11 13:34:05', NULL, 'Shyam', NULL, NULL)[0m
  [4;35;1mSQL (0.1ms)[0m   [0mRELEASE SAVEPOINT active_record_1[0m
REQUESTING PAGE: GET /doctors with {} and HTTP headers {}


Processing DoctorsController#index (for 127.0.0.1 at 2010-09-11 19:19:05) [GET]
Rendering doctors/index
Completed in 6ms (View: 4, DB: 2) | 200 OK [http://www.example.com/doctors]
  [4;36;1mSQL (58.9ms)[0m   [0;1mROLLBACK[0m
  [4;36;1mSQL (0.1ms)[0m   [0;1mSET NAMES 'utf8'[0m
  [4;35;1mSQL (0.1ms)[0m   [0mSET SQL_AUTO_IS_NULL=0[0m
  [4;36;1mSQL (0.0ms)[0m   [0;1mBEGIN[0m
  [4;35;1mDoctor Columns (0.9ms)[0m   [0mSHOW FIELDS FROM `doctors`[0m
  [4;36;1mSQL (0.1ms)[0m   [0;1mSAVEPOINT active_record_1[0m
  [4;35;1mDoctor Exists (0.2ms)[0m   [0mSELECT `doctors`.id FROM `doctors` WHERE (`doctors`.`full_name` = BINARY 'Ram') LIMIT 1[0m
  [4;36;1mDoctor Create (0.2ms)[0m   [0;1mINSERT INTO `doctors` (`address`, `created_at`, `updated_at`, `optional_info`, `full_name`, `phone`, `email`) VALUES(NULL, '2010-09-11 14:24:34', '2010-09-11 14:24:34', NULL, 'Ram', NULL, NULL)[0m
  [4;35;1mSQL (0.1ms)[0m   [0mRELEASE SAVEPOINT active_record_1[0m
  [4;36;1mSQL (0.1ms)[0m   [0;1mSAVEPOINT active_record_1[0m
  [4;35;1mDoctor Exists (9.9ms)[0m   [0mSELECT `doctors`.id FROM `doctors` WHERE (`doctors`.`full_name` = BINARY 'Ram' AND `doctors`.id <> 22) LIMIT 1[0m
  [4;36;1mSQL (0.1ms)[0m   [0;1mRELEASE SAVEPOINT active_record_1[0m
  [4;35;1mSQL (0.1ms)[0m   [0mSAVEPOINT active_record_1[0m
  [4;36;1mDoctor Exists (0.2ms)[0m   [0;1mSELECT `doctors`.id FROM `doctors` WHERE (`doctors`.`full_name` = BINARY 'Shyam') LIMIT 1[0m
  [4;35;1mDoctor Create (0.1ms)[0m   [0mINSERT INTO `doctors` (`address`, `created_at`, `updated_at`, `optional_info`, `full_name`, `phone`, `email`) VALUES(NULL, '2010-09-11 14:24:34', '2010-09-11 14:24:34', NULL, 'Shyam', NULL, NULL)[0m
  [4;36;1mSQL (0.1ms)[0m   [0;1mRELEASE SAVEPOINT active_record_1[0m
  [4;35;1mSQL (0.0ms)[0m   [0mSAVEPOINT active_record_1[0m
  [4;36;1mDoctor Exists (0.2ms)[0m   [0;1mSELECT `doctors`.id FROM `doctors` WHERE (`doctors`.`full_name` = BINARY 'Shyam' AND `doctors`.id <> 23) LIMIT 1[0m
  [4;35;1mSQL (0.1ms)[0m   [0mRELEASE SAVEPOINT active_record_1[0m
REQUESTING PAGE: GET /doctors with {} and HTTP headers {}


Processing DoctorsController#index (for 127.0.0.1 at 2010-09-11 20:09:34) [GET]
  [4;36;1mDoctor Load (0.2ms)[0m   [0;1mSELECT * FROM `doctors` [0m
Rendering template within layouts/application
Rendering doctors/index
Rendered doctors/_list (2.0ms)
Rendered doctors/_list (0.5ms)
Completed in 11ms (View: 8, DB: 13) | 200 OK [http://www.example.com/doctors]
  [4;35;1mSQL (68.1ms)[0m   [0mROLLBACK[0m
  [4;36;1mSQL (0.1ms)[0m   [0;1mSET NAMES 'utf8'[0m
  [4;35;1mSQL (0.1ms)[0m   [0mSET SQL_AUTO_IS_NULL=0[0m
  [4;36;1mSQL (0.0ms)[0m   [0;1mBEGIN[0m
  [4;35;1mDoctor Columns (0.7ms)[0m   [0mSHOW FIELDS FROM `doctors`[0m
  [4;36;1mSQL (0.1ms)[0m   [0;1mSAVEPOINT active_record_1[0m
  [4;35;1mDoctor Exists (0.2ms)[0m   [0mSELECT `doctors`.id FROM `doctors` WHERE (`doctors`.`full_name` = BINARY 'Ram') LIMIT 1[0m
  [4;36;1mDoctor Create (0.2ms)[0m   [0;1mINSERT INTO `doctors` (`address`, `created_at`, `updated_at`, `optional_info`, `full_name`, `phone`, `email`) VALUES(NULL, '2010-09-11 14:25:02', '2010-09-11 14:25:02', NULL, 'Ram', NULL, NULL)[0m
  [4;35;1mSQL (0.1ms)[0m   [0mRELEASE SAVEPOINT active_record_1[0m
  [4;36;1mSQL (0.0ms)[0m   [0;1mSAVEPOINT active_record_1[0m
  [4;35;1mDoctor Exists (0.3ms)[0m   [0mSELECT `doctors`.id FROM `doctors` WHERE (`doctors`.`full_name` = BINARY 'Ram' AND `doctors`.id <> 24) LIMIT 1[0m
  [4;36;1mSQL (0.1ms)[0m   [0;1mRELEASE SAVEPOINT active_record_1[0m
  [4;35;1mSQL (0.0ms)[0m   [0mSAVEPOINT active_record_1[0m
  [4;36;1mDoctor Exists (0.1ms)[0m   [0;1mSELECT `doctors`.id FROM `doctors` WHERE (`doctors`.`full_name` = BINARY 'Shyam') LIMIT 1[0m
  [4;35;1mDoctor Create (0.1ms)[0m   [0mINSERT INTO `doctors` (`address`, `created_at`, `updated_at`, `optional_info`, `full_name`, `phone`, `email`) VALUES(NULL, '2010-09-11 14:25:02', '2010-09-11 14:25:02', NULL, 'Shyam', NULL, NULL)[0m
  [4;36;1mSQL (0.1ms)[0m   [0;1mRELEASE SAVEPOINT active_record_1[0m
  [4;35;1mSQL (0.0ms)[0m   [0mSAVEPOINT active_record_1[0m
  [4;36;1mDoctor Exists (0.2ms)[0m   [0;1mSELECT `doctors`.id FROM `doctors` WHERE (`doctors`.`full_name` = BINARY 'Shyam' AND `doctors`.id <> 25) LIMIT 1[0m
  [4;35;1mSQL (0.1ms)[0m   [0mRELEASE SAVEPOINT active_record_1[0m
REQUESTING PAGE: GET /doctors with {} and HTTP headers {}


Processing DoctorsController#index (for 127.0.0.1 at 2010-09-11 20:10:02) [GET]
  [4;36;1mDoctor Load (0.2ms)[0m   [0;1mSELECT * FROM `doctors` [0m
Rendering template within layouts/application
Rendering doctors/index
Rendered doctors/_list (2.0ms)
Rendered doctors/_list (0.5ms)
Completed in 11ms (View: 8, DB: 3) | 200 OK [http://www.example.com/doctors]
  [4;35;1mSQL (40.2ms)[0m   [0mROLLBACK[0m
  [4;36;1mSQL (0.1ms)[0m   [0;1mSET NAMES 'utf8'[0m
  [4;35;1mSQL (0.1ms)[0m   [0mSET SQL_AUTO_IS_NULL=0[0m
  [4;36;1mSQL (0.0ms)[0m   [0;1mBEGIN[0m
  [4;35;1mDoctor Columns (0.7ms)[0m   [0mSHOW FIELDS FROM `doctors`[0m
  [4;36;1mSQL (0.1ms)[0m   [0;1mSAVEPOINT active_record_1[0m
  [4;35;1mDoctor Exists (0.2ms)[0m   [0mSELECT `doctors`.id FROM `doctors` WHERE (`doctors`.`full_name` = BINARY 'Ram') LIMIT 1[0m
  [4;36;1mDoctor Create (0.2ms)[0m   [0;1mINSERT INTO `doctors` (`address`, `created_at`, `updated_at`, `optional_info`, `full_name`, `phone`, `email`) VALUES(NULL, '2010-09-11 14:26:13', '2010-09-11 14:26:13', NULL, 'Ram', NULL, NULL)[0m
  [4;35;1mSQL (0.1ms)[0m   [0mRELEASE SAVEPOINT active_record_1[0m
  [4;36;1mSQL (0.1ms)[0m   [0;1mSAVEPOINT active_record_1[0m
  [4;35;1mDoctor Exists (0.2ms)[0m   [0mSELECT `doctors`.id FROM `doctors` WHERE (`doctors`.`full_name` = BINARY 'Ram' AND `doctors`.id <> 26) LIMIT 1[0m
  [4;36;1mSQL (0.1ms)[0m   [0;1mRELEASE SAVEPOINT active_record_1[0m
  [4;35;1mSQL (0.1ms)[0m   [0mSAVEPOINT active_record_1[0m
  [4;36;1mDoctor Exists (0.1ms)[0m   [0;1mSELECT `doctors`.id FROM `doctors` WHERE (`doctors`.`full_name` = BINARY 'Shyam') LIMIT 1[0m
  [4;35;1mDoctor Create (0.1ms)[0m   [0mINSERT INTO `doctors` (`address`, `created_at`, `updated_at`, `optional_info`, `full_name`, `phone`, `email`) VALUES(NULL, '2010-09-11 14:26:13', '2010-09-11 14:26:13', NULL, 'Shyam', NULL, NULL)[0m
  [4;36;1mSQL (0.1ms)[0m   [0;1mRELEASE SAVEPOINT active_record_1[0m
  [4;35;1mSQL (0.1ms)[0m   [0mSAVEPOINT active_record_1[0m
  [4;36;1mDoctor Exists (0.2ms)[0m   [0;1mSELECT `doctors`.id FROM `doctors` WHERE (`doctors`.`full_name` = BINARY 'Shyam' AND `doctors`.id <> 27) LIMIT 1[0m
  [4;35;1mSQL (0.1ms)[0m   [0mRELEASE SAVEPOINT active_record_1[0m
REQUESTING PAGE: GET /doctors with {} and HTTP headers {}


Processing DoctorsController#index (for 127.0.0.1 at 2010-09-11 20:11:13) [GET]
  [4;36;1mDoctor Load (0.2ms)[0m   [0;1mSELECT * FROM `doctors` [0m
Rendering template within layouts/application
Rendering doctors/index
Rendered doctors/_list (0.5ms)
Rendered doctors/_list (0.1ms)
Completed in 9ms (View: 6, DB: 3) | 200 OK [http://www.example.com/doctors]
  [4;35;1mSQL (42.8ms)[0m   [0mROLLBACK[0m
  [4;36;1mSQL (0.1ms)[0m   [0;1mSET NAMES 'utf8'[0m
  [4;35;1mSQL (0.1ms)[0m   [0mSET SQL_AUTO_IS_NULL=0[0m
  [4;36;1mSQL (0.0ms)[0m   [0;1mBEGIN[0m
  [4;35;1mDoctor Columns (0.7ms)[0m   [0mSHOW FIELDS FROM `doctors`[0m
  [4;36;1mSQL (0.1ms)[0m   [0;1mSAVEPOINT active_record_1[0m
  [4;35;1mDoctor Exists (0.2ms)[0m   [0mSELECT `doctors`.id FROM `doctors` WHERE (`doctors`.`full_name` = BINARY 'Ram') LIMIT 1[0m
  [4;36;1mDoctor Create (0.2ms)[0m   [0;1mINSERT INTO `doctors` (`address`, `created_at`, `updated_at`, `optional_info`, `full_name`, `phone`, `email`) VALUES(NULL, '2010-09-11 14:26:40', '2010-09-11 14:26:40', NULL, 'Ram', NULL, NULL)[0m
  [4;35;1mSQL (0.1ms)[0m   [0mRELEASE SAVEPOINT active_record_1[0m
  [4;36;1mSQL (0.0ms)[0m   [0;1mSAVEPOINT active_record_1[0m
  [4;35;1mDoctor Exists (0.2ms)[0m   [0mSELECT `doctors`.id FROM `doctors` WHERE (`doctors`.`full_name` = BINARY 'Ram' AND `doctors`.id <> 28) LIMIT 1[0m
  [4;36;1mSQL (0.1ms)[0m   [0;1mRELEASE SAVEPOINT active_record_1[0m
  [4;35;1mSQL (0.1ms)[0m   [0mSAVEPOINT active_record_1[0m
  [4;36;1mDoctor Exists (0.1ms)[0m   [0;1mSELECT `doctors`.id FROM `doctors` WHERE (`doctors`.`full_name` = BINARY 'Shyam') LIMIT 1[0m
  [4;35;1mDoctor Create (0.1ms)[0m   [0mINSERT INTO `doctors` (`address`, `created_at`, `updated_at`, `optional_info`, `full_name`, `phone`, `email`) VALUES(NULL, '2010-09-11 14:26:40', '2010-09-11 14:26:40', NULL, 'Shyam', NULL, NULL)[0m
  [4;36;1mSQL (0.0ms)[0m   [0;1mRELEASE SAVEPOINT active_record_1[0m
  [4;35;1mSQL (0.0ms)[0m   [0mSAVEPOINT active_record_1[0m
  [4;36;1mDoctor Exists (0.2ms)[0m   [0;1mSELECT `doctors`.id FROM `doctors` WHERE (`doctors`.`full_name` = BINARY 'Shyam' AND `doctors`.id <> 29) LIMIT 1[0m
  [4;35;1mSQL (0.1ms)[0m   [0mRELEASE SAVEPOINT active_record_1[0m
REQUESTING PAGE: GET /doctors with {} and HTTP headers {}


Processing DoctorsController#index (for 127.0.0.1 at 2010-09-11 20:11:40) [GET]
  [4;36;1mDoctor Load (0.2ms)[0m   [0;1mSELECT * FROM `doctors` [0m
Rendering template within layouts/application
Rendering doctors/index
Rendered doctors/_list (2.1ms)
Rendered doctors/_list (0.5ms)
Completed in 13ms (View: 8, DB: 3) | 200 OK [http://www.example.com/doctors]
  [4;35;1mSQL (58.6ms)[0m   [0mROLLBACK[0m
