  [4;36;1mSQL (0.1ms)[0m   [0;1mSET NAMES 'utf8'[0m
  [4;35;1mSQL (0.1ms)[0m   [0mSET SQL_AUTO_IS_NULL=0[0m
  [4;36;1mSQL (0.2ms)[0m   [0;1mSHOW TABLES[0m
  [4;35;1mSQL (183.3ms)[0m   [0mCREATE TABLE `schema_migrations` (`version` varchar(255) NOT NULL) ENGINE=InnoDB[0m
  [4;36;1mSQL (213.6ms)[0m   [0;1mCREATE UNIQUE INDEX `unique_schema_migrations` ON `schema_migrations` (`version`)[0m
  [4;35;1mSQL (0.4ms)[0m   [0mSHOW TABLES[0m
  [4;36;1mSQL (0.4ms)[0m   [0;1mSELECT version FROM schema_migrations[0m
Migrating to CreateDoctors (20100911055119)
  [4;35;1mSQL (83.2ms)[0m   [0mCREATE TABLE `doctors` (`id` int(11) DEFAULT NULL auto_increment PRIMARY KEY, `full_name` varchar(255), `address` varchar(255), `phone` varchar(255), `email` varchar(255), `optional_info` text, `created_at` datetime, `updated_at` datetime) ENGINE=InnoDB[0m
  [4;36;1mSQL (44.2ms)[0m   [0;1mINSERT INTO schema_migrations (version) VALUES ('20100911055119')[0m
  [4;35;1mSQL (0.4ms)[0m   [0mSHOW TABLES[0m
  [4;36;1mSQL (0.2ms)[0m   [0;1mSELECT version FROM schema_migrations[0m
  [4;35;1mSQL (0.2ms)[0m   [0mSHOW TABLES[0m
  [4;36;1mSQL (1.0ms)[0m   [0;1mSHOW FIELDS FROM `doctors`[0m
  [4;35;1mSQL (0.9ms)[0m   [0mdescribe `doctors`[0m
  [4;36;1mSQL (0.3ms)[0m   [0;1mSHOW KEYS FROM `doctors`[0m
  [4;36;1mSQL (0.1ms)[0m   [0;1mSET NAMES 'utf8'[0m
  [4;35;1mSQL (0.1ms)[0m   [0mSET SQL_AUTO_IS_NULL=0[0m
  [4;36;1mSQL (0.2ms)[0m   [0;1mSHOW TABLES[0m
  [4;35;1mSQL (0.1ms)[0m   [0mSELECT version FROM schema_migrations[0m
  [4;36;1mSQL (0.1ms)[0m   [0;1mSHOW TABLES[0m
  [4;35;1mSQL (0.6ms)[0m   [0mSHOW FIELDS FROM `doctors`[0m
  [4;36;1mSQL (0.5ms)[0m   [0;1mdescribe `doctors`[0m
  [4;35;1mSQL (0.2ms)[0m   [0mSHOW KEYS FROM `doctors`[0m
  [4;36;1mSQL (0.1ms)[0m   [0;1mSET NAMES 'utf8'[0m
  [4;35;1mSQL (0.1ms)[0m   [0mSET SQL_AUTO_IS_NULL=0[0m
  [4;36;1mSQL (0.2ms)[0m   [0;1mSHOW TABLES[0m
  [4;35;1mSQL (0.1ms)[0m   [0mSELECT version FROM schema_migrations[0m
Migrating to CreateDoctors (20100911055119)
  [4;36;1mSQL (0.2ms)[0m   [0;1mSHOW TABLES[0m
  [4;35;1mSQL (0.1ms)[0m   [0mSELECT version FROM schema_migrations[0m
  [4;36;1mSQL (0.1ms)[0m   [0;1mSHOW TABLES[0m
  [4;35;1mSQL (0.7ms)[0m   [0mSHOW FIELDS FROM `doctors`[0m
  [4;36;1mSQL (0.5ms)[0m   [0;1mdescribe `doctors`[0m
  [4;35;1mSQL (0.2ms)[0m   [0mSHOW KEYS FROM `doctors`[0m
  [4;36;1mSQL (0.2ms)[0m   [0;1mSET NAMES 'utf8'[0m
  [4;35;1mSQL (0.1ms)[0m   [0mSET SQL_AUTO_IS_NULL=0[0m
  [4;36;1mSQL (0.5ms)[0m   [0;1mSHOW TABLES[0m
  [4;35;1mSQL (0.6ms)[0m   [0mSELECT version FROM schema_migrations[0m
  [4;36;1mSQL (0.2ms)[0m   [0;1mSHOW TABLES[0m
  [4;35;1mSQL (1.1ms)[0m   [0mSHOW FIELDS FROM `doctors`[0m
  [4;36;1mSQL (0.8ms)[0m   [0;1mdescribe `doctors`[0m
  [4;35;1mSQL (0.3ms)[0m   [0mSHOW KEYS FROM `doctors`[0m
  [4;36;1mSQL (0.1ms)[0m   [0;1mSET NAMES 'utf8'[0m
  [4;35;1mSQL (0.1ms)[0m   [0mSET SQL_AUTO_IS_NULL=0[0m
  [4;36;1mSQL (0.3ms)[0m   [0;1mSHOW TABLES[0m
  [4;35;1mSQL (0.1ms)[0m   [0mSELECT version FROM schema_migrations[0m
  [4;36;1mSQL (0.1ms)[0m   [0;1mSHOW TABLES[0m
  [4;35;1mSQL (0.6ms)[0m   [0mSHOW FIELDS FROM `doctors`[0m
  [4;36;1mSQL (0.5ms)[0m   [0;1mdescribe `doctors`[0m
  [4;35;1mSQL (0.2ms)[0m   [0mSHOW KEYS FROM `doctors`[0m
  [4;36;1mSQL (0.1ms)[0m   [0;1mSET NAMES 'utf8'[0m
  [4;35;1mSQL (0.1ms)[0m   [0mSET SQL_AUTO_IS_NULL=0[0m
  [4;36;1mSQL (89.9ms)[0m   [0;1mDROP DATABASE IF EXISTS `HProject2_test`[0m
  [4;35;1mSQL (0.3ms)[0m   [0mCREATE DATABASE `HProject2_test` DEFAULT CHARACTER SET `utf8`[0m
  [4;36;1mSQL (0.1ms)[0m   [0;1mSET NAMES 'utf8'[0m
  [4;35;1mSQL (0.1ms)[0m   [0mSET SQL_AUTO_IS_NULL=0[0m
  [4;36;1mSQL (0.3ms)[0m   [0;1mSHOW TABLES[0m
  [4;35;1mSQL (87.6ms)[0m   [0mCREATE TABLE `doctors` (`id` int(11) DEFAULT NULL auto_increment PRIMARY KEY, `full_name` varchar(255), `address` varchar(255), `phone` varchar(255), `email` varchar(255), `optional_info` text, `created_at` datetime, `updated_at` datetime) ENGINE=InnoDB[0m
  [4;36;1mSQL (0.5ms)[0m   [0;1mSHOW TABLES[0m
  [4;35;1mSQL (88.5ms)[0m   [0mCREATE TABLE `schema_migrations` (`version` varchar(255) NOT NULL) ENGINE=InnoDB[0m
  [4;36;1mSQL (204.2ms)[0m   [0;1mCREATE UNIQUE INDEX `unique_schema_migrations` ON `schema_migrations` (`version`)[0m
  [4;35;1mSQL (0.4ms)[0m   [0mSHOW TABLES[0m
  [4;36;1mSQL (0.3ms)[0m   [0;1mSELECT version FROM `schema_migrations`[0m
  [4;35;1mSQL (38.7ms)[0m   [0mINSERT INTO `schema_migrations` (version) VALUES ('20100911055119')[0m
  [4;36;1mSQL (0.1ms)[0m   [0;1mSET NAMES 'utf8'[0m
  [4;35;1mSQL (0.1ms)[0m   [0mSET SQL_AUTO_IS_NULL=0[0m
  [4;36;1mSQL (39.2ms)[0m   [0;1mSHOW TABLES[0m
  [4;35;1mSQL (280.0ms)[0m   [0mCREATE TABLE `schema_migrations` (`version` varchar(255) NOT NULL) ENGINE=InnoDB[0m
  [4;36;1mSQL (112.2ms)[0m   [0;1mCREATE UNIQUE INDEX `unique_schema_migrations` ON `schema_migrations` (`version`)[0m
  [4;35;1mSQL (16.2ms)[0m   [0mSHOW TABLES[0m
  [4;36;1mSQL (23.8ms)[0m   [0;1mSELECT version FROM schema_migrations[0m
Migrating to CreateDoctors (20100911055119)
  [4;35;1mSQL (4.5ms)[0m   [0mCREATE TABLE `doctors` (`id` int(11) DEFAULT NULL auto_increment PRIMARY KEY, `full_name` varchar(255), `address` varchar(255), `phone` varchar(255), `email` varchar(255), `optional_info` text, `created_at` datetime, `updated_at` datetime) ENGINE=InnoDB[0m
  [4;36;1mSQL (0.7ms)[0m   [0;1mINSERT INTO schema_migrations (version) VALUES ('20100911055119')[0m
  [4;35;1mSQL (0.4ms)[0m   [0mSHOW TABLES[0m
  [4;36;1mSQL (0.2ms)[0m   [0;1mSELECT version FROM schema_migrations[0m
  [4;35;1mSQL (0.2ms)[0m   [0mSHOW TABLES[0m
  [4;36;1mSQL (1.5ms)[0m   [0;1mSHOW FIELDS FROM `doctors`[0m
  [4;35;1mSQL (1.1ms)[0m   [0mdescribe `doctors`[0m
  [4;36;1mSQL (0.3ms)[0m   [0;1mSHOW KEYS FROM `doctors`[0m
  [4;36;1mSQL (0.1ms)[0m   [0;1mSET NAMES 'utf8'[0m
  [4;35;1mSQL (0.0ms)[0m   [0mSET SQL_AUTO_IS_NULL=0[0m
  [4;36;1mSQL (0.3ms)[0m   [0;1mSHOW TABLES[0m
  [4;35;1mSQL (0.1ms)[0m   [0mSELECT version FROM schema_migrations[0m
  [4;36;1mSQL (0.1ms)[0m   [0;1mSHOW TABLES[0m
  [4;35;1mSQL (0.6ms)[0m   [0mSHOW FIELDS FROM `doctors`[0m
  [4;36;1mSQL (0.5ms)[0m   [0;1mdescribe `doctors`[0m
  [4;35;1mSQL (0.2ms)[0m   [0mSHOW KEYS FROM `doctors`[0m
  [4;36;1mSQL (0.1ms)[0m   [0;1mSET NAMES 'utf8'[0m
  [4;35;1mSQL (0.0ms)[0m   [0mSET SQL_AUTO_IS_NULL=0[0m
  [4;36;1mSQL (97.8ms)[0m   [0;1mDROP DATABASE IF EXISTS `HProject2_test`[0m
  [4;35;1mSQL (0.4ms)[0m   [0mCREATE DATABASE `HProject2_test` DEFAULT CHARACTER SET `utf8`[0m
  [4;36;1mSQL (0.1ms)[0m   [0;1mSET NAMES 'utf8'[0m
  [4;35;1mSQL (0.1ms)[0m   [0mSET SQL_AUTO_IS_NULL=0[0m
  [4;36;1mSQL (0.2ms)[0m   [0;1mSHOW TABLES[0m
  [4;35;1mSQL (52.7ms)[0m   [0mCREATE TABLE `doctors` (`id` int(11) DEFAULT NULL auto_increment PRIMARY KEY, `full_name` varchar(255), `address` varchar(255), `phone` varchar(255), `email` varchar(255), `optional_info` text, `created_at` datetime, `updated_at` datetime) ENGINE=InnoDB[0m
  [4;36;1mSQL (0.4ms)[0m   [0;1mSHOW TABLES[0m
  [4;35;1mSQL (43.4ms)[0m   [0mCREATE TABLE `schema_migrations` (`version` varchar(255) NOT NULL) ENGINE=InnoDB[0m
  [4;36;1mSQL (7.2ms)[0m   [0;1mCREATE UNIQUE INDEX `unique_schema_migrations` ON `schema_migrations` (`version`)[0m
  [4;35;1mSQL (0.3ms)[0m   [0mSHOW TABLES[0m
  [4;36;1mSQL (0.4ms)[0m   [0;1mSELECT version FROM `schema_migrations`[0m
  [4;35;1mSQL (0.6ms)[0m   [0mINSERT INTO `schema_migrations` (version) VALUES ('20100911055119')[0m
  [4;36;1mSQL (2.6ms)[0m   [0;1mSET NAMES 'utf8'[0m
  [4;35;1mSQL (0.2ms)[0m   [0mSET SQL_AUTO_IS_NULL=0[0m


Processing DoctorsController#index (for 127.0.0.1 at 2010-09-12 18:00:40) [GET]
  [4;36;1mDoctor Load (0.4ms)[0m   [0;1mSELECT * FROM `doctors` [0m
Rendering template within layouts/application
Rendering doctors/index
Completed in 27ms (View: 21, DB: 3) | 200 OK [http://localhost/doctors]
  [4;35;1mSQL (0.1ms)[0m   [0mSET NAMES 'utf8'[0m
  [4;36;1mSQL (0.1ms)[0m   [0;1mSET SQL_AUTO_IS_NULL=0[0m


Processing DoctorsController#new (for 127.0.0.1 at 2010-09-12 18:02:43) [GET]
  [4;35;1mDoctor Columns (1.3ms)[0m   [0mSHOW FIELDS FROM `doctors`[0m

ActionView::MissingTemplate (Missing template doctors/new.erb in view path app/views):
  haml (3.0.18) rails/./lib/sass/plugin/rack.rb:41:in `call'
  /usr/lib/ruby/1.8/webrick/httpserver.rb:104:in `service'
  /usr/lib/ruby/1.8/webrick/httpserver.rb:65:in `run'
  /usr/lib/ruby/1.8/webrick/server.rb:173:in `start_thread'
  /usr/lib/ruby/1.8/webrick/server.rb:162:in `start'
  /usr/lib/ruby/1.8/webrick/server.rb:162:in `start_thread'
  /usr/lib/ruby/1.8/webrick/server.rb:95:in `start'
  /usr/lib/ruby/1.8/webrick/server.rb:92:in `each'
  /usr/lib/ruby/1.8/webrick/server.rb:92:in `start'
  /usr/lib/ruby/1.8/webrick/server.rb:23:in `start'
  /usr/lib/ruby/1.8/webrick/server.rb:82:in `start'

Rendering rescues/layout (internal_server_error)
  [4;36;1mSQL (0.1ms)[0m   [0;1mSET NAMES 'utf8'[0m
  [4;35;1mSQL (0.1ms)[0m   [0mSET SQL_AUTO_IS_NULL=0[0m


Processing DoctorsController#new (for 127.0.0.1 at 2010-09-12 18:05:22) [GET]
  [4;36;1mDoctor Columns (0.8ms)[0m   [0;1mSHOW FIELDS FROM `doctors`[0m
Rendering template within layouts/application
Rendering doctors/new
Rendered doctors/_new (13.9ms)
Completed in 28ms (View: 24, DB: 1) | 200 OK [http://localhost/doctors/new]
  [4;35;1mSQL (0.1ms)[0m   [0mSET NAMES 'utf8'[0m
  [4;36;1mSQL (0.1ms)[0m   [0;1mSET SQL_AUTO_IS_NULL=0[0m


Processing DoctorsController#create (for 127.0.0.1 at 2010-09-12 18:06:24) [POST]
  Parameters: {"doctor"=>{"address"=>"sfsf", "phone"=>"", "full_name"=>"sfs", "email"=>""}, "commit"=>"Create New", "authenticity_token"=>"cyhyV3SKMVIZgBmqxGU97nN1qhe7wjBh3tpvulPP8KQ="}
  [4;35;1mDoctor Columns (1.3ms)[0m   [0mSHOW FIELDS FROM `doctors`[0m
  [4;36;1mSQL (1.9ms)[0m   [0;1mBEGIN[0m
  [4;35;1mDoctor Exists (0.4ms)[0m   [0mSELECT `doctors`.id FROM `doctors` WHERE (`doctors`.`full_name` = BINARY 'sfs') LIMIT 1[0m
  [4;36;1mDoctor Create (0.3ms)[0m   [0;1mINSERT INTO `doctors` (`address`, `created_at`, `updated_at`, `optional_info`, `full_name`, `phone`, `email`) VALUES('sfsf', '2010-09-12 12:21:24', '2010-09-12 12:21:24', NULL, 'sfs', '', '')[0m
  [4;35;1mSQL (3.7ms)[0m   [0mCOMMIT[0m
Redirected to http://localhost:3000/doctors/1
Completed in 45ms (DB: 0) | 302 Found [http://localhost/doctors]
  [4;36;1mSQL (0.1ms)[0m   [0;1mSET NAMES 'utf8'[0m
  [4;35;1mSQL (0.1ms)[0m   [0mSET SQL_AUTO_IS_NULL=0[0m


Processing DoctorsController#show (for 127.0.0.1 at 2010-09-12 18:06:24) [GET]
  Parameters: {"id"=>"1"}
  [4;36;1mDoctor Columns (1.0ms)[0m   [0;1mSHOW FIELDS FROM `doctors`[0m
  [4;35;1mDoctor Load (0.4ms)[0m   [0mSELECT * FROM `doctors` WHERE (`doctors`.`id` = 1) [0m
Rendering template within layouts/application
Rendering doctors/show
Completed in 26ms (View: 16, DB: 2) | 200 OK [http://localhost/doctors/1]
